<?xml version="1.0" encoding="UTF-8"?>
<!-- Generated by org.testng.reporters.JUnitReportReporter -->
<testsuite hostname="DESKTOP-LPKJ4V1" failures="0" tests="1" name="ValidateAllReqRes_functionality.Create_update_del_Repo" time="2.639" errors="0" timestamp="2024-06-13T15:29:28 EDT" skipped="0">
  <testcase classname="ValidateAllReqRes_functionality.Create_update_del_Repo" name="UpdateRepository" time="2.639"/>
  <system-out/>
</testsuite> <!-- ValidateAllReqRes_functionality.Create_update_del_Repo -->
