<?xml version="1.0" encoding="UTF-8"?>
<!-- Generated by org.testng.reporters.JUnitReportReporter -->
<testsuite skipped="0" hostname="DESKTOP-LPKJ4V1" name="ValidateAllReqRes_functionality.ValidateAddandDelData_functionality" tests="1" failures="0" timestamp="2024-10-02T18:39:33 EDT" time="2.885" errors="0">
  <testcase name="validateGetData" time="2.885" classname="ValidateAllReqRes_functionality.ValidateAddandDelData_functionality"/>
  <system-out/>
</testsuite> <!-- ValidateAllReqRes_functionality.ValidateAddandDelData_functionality -->
